ERROR - 2022-05-08 17:05:05 --> Error connecting to the database: Access denied for user '****'@'localhost' (using password: YES)
CRITICAL - 2022-05-08 17:05:05 --> Unable to connect to the database.
Main connection [MySQLi]: Access denied for user '****'@'localhost' (using password: YES)
#0 C:\wamp64\www\nbimoveis\application\system\Database\BaseConnection.php(577): CodeIgniter\Database\BaseConnection->initialize()
#1 C:\wamp64\www\nbimoveis\application\system\Database\BaseBuilder.php(1455): CodeIgniter\Database\BaseConnection->query('SELECT *\nFROM `...', Array, false)
#2 C:\wamp64\www\nbimoveis\application\system\Model.php(183): CodeIgniter\Database\BaseBuilder->get()
#3 C:\wamp64\www\nbimoveis\application\system\BaseModel.php(584): CodeIgniter\Model->doFindAll(0, 0)
#4 C:\wamp64\www\nbimoveis\application\app\Controllers\Encarte.php(26): CodeIgniter\BaseModel->findAll()
#5 C:\wamp64\www\nbimoveis\application\system\CodeIgniter.php(832): App\Controllers\Encarte->index()
#6 C:\wamp64\www\nbimoveis\application\system\CodeIgniter.php(419): CodeIgniter\CodeIgniter->runController(Object(App\Controllers\Encarte))
#7 C:\wamp64\www\nbimoveis\application\system\CodeIgniter.php(326): CodeIgniter\CodeIgniter->handleRequest(NULL, Object(Config\Cache), false)
#8 C:\wamp64\www\nbimoveis\index.php(37): CodeIgniter\CodeIgniter->run()
#9 C:\wamp64\www\nbimoveis\application\system\Commands\Server\rewrite.php(43): require_once('C:\\wamp64\\www\\n...')
#10 {main}
CRITICAL - 2022-05-08 17:08:11 --> Não há dados para update.
#0 C:\wamp64\www\nbimoveis\application\system\BaseModel.php(1574): CodeIgniter\Database\Exceptions\DataException::forEmptyDataset('update')
#1 C:\wamp64\www\nbimoveis\application\system\BaseModel.php(832): CodeIgniter\BaseModel->transformDataToArray(NULL, 'update')
#2 C:\wamp64\www\nbimoveis\application\system\Model.php(651): CodeIgniter\BaseModel->update(Array, NULL)
#3 C:\wamp64\www\nbimoveis\application\app\Controllers\Usuarios.php(129): CodeIgniter\Model->update(Array)
#4 C:\wamp64\www\nbimoveis\application\system\CodeIgniter.php(832): App\Controllers\Usuarios->update()
#5 C:\wamp64\www\nbimoveis\application\system\CodeIgniter.php(419): CodeIgniter\CodeIgniter->runController(Object(App\Controllers\Usuarios))
#6 C:\wamp64\www\nbimoveis\application\system\CodeIgniter.php(326): CodeIgniter\CodeIgniter->handleRequest(NULL, Object(Config\Cache), false)
#7 C:\wamp64\www\nbimoveis\index.php(37): CodeIgniter\CodeIgniter->run()
#8 C:\wamp64\www\nbimoveis\application\system\Commands\Server\rewrite.php(43): require_once('C:\\wamp64\\www\\n...')
#9 {main}
ERROR - 2022-05-08 17:12:33 --> Error connecting to the database: Unknown database 'arteevit_nbimoveis'
CRITICAL - 2022-05-08 17:12:33 --> Unable to connect to the database.
Main connection [MySQLi]: Unknown database 'arteevit_nbimoveis'
#0 C:\wamp64\www\nbimoveis\application\system\Database\BaseConnection.php(577): CodeIgniter\Database\BaseConnection->initialize()
#1 C:\wamp64\www\nbimoveis\application\system\Database\BaseBuilder.php(1455): CodeIgniter\Database\BaseConnection->query('SELECT *\nFROM `...', Array, false)
#2 C:\wamp64\www\nbimoveis\application\system\Model.php(183): CodeIgniter\Database\BaseBuilder->get()
#3 C:\wamp64\www\nbimoveis\application\system\BaseModel.php(584): CodeIgniter\Model->doFindAll(0, 0)
#4 C:\wamp64\www\nbimoveis\application\app\Controllers\Usuarios.php(20): CodeIgniter\BaseModel->findAll()
#5 C:\wamp64\www\nbimoveis\application\system\CodeIgniter.php(832): App\Controllers\Usuarios->index()
#6 C:\wamp64\www\nbimoveis\application\system\CodeIgniter.php(419): CodeIgniter\CodeIgniter->runController(Object(App\Controllers\Usuarios))
#7 C:\wamp64\www\nbimoveis\application\system\CodeIgniter.php(326): CodeIgniter\CodeIgniter->handleRequest(NULL, Object(Config\Cache), false)
#8 C:\wamp64\www\nbimoveis\index.php(37): CodeIgniter\CodeIgniter->run()
#9 C:\wamp64\www\nbimoveis\application\system\Commands\Server\rewrite.php(43): require_once('C:\\wamp64\\www\\n...')
#10 {main}
CRITICAL - 2022-05-08 17:22:10 -->  não é um Pager template válido.
#0 C:\wamp64\www\nbimoveis\application\system\Pager\Pager.php(120): CodeIgniter\Pager\Exceptions\PagerException::forInvalidTemplate('')
#1 C:\wamp64\www\nbimoveis\application\system\Pager\Pager.php(83): CodeIgniter\Pager\Pager->displayLinks('bootstrap_pager', '')
#2 C:\wamp64\www\nbimoveis\application\app\Views\administracao\usuarios\index.php(75): CodeIgniter\Pager\Pager->links('bootstrap_pager', '')
#3 C:\wamp64\www\nbimoveis\application\system\View\View.php(210): include('C:\\wamp64\\www\\n...')
#4 C:\wamp64\www\nbimoveis\application\system\View\View.php(213): CodeIgniter\View\View->CodeIgniter\View\{closure}()
#5 C:\wamp64\www\nbimoveis\application\system\Common.php(1089): CodeIgniter\View\View->render('administracao/u...', Array, true)
#6 C:\wamp64\www\nbimoveis\application\app\Controllers\Usuarios.php(25): view('administracao/u...', Array)
#7 C:\wamp64\www\nbimoveis\application\system\CodeIgniter.php(832): App\Controllers\Usuarios->index()
#8 C:\wamp64\www\nbimoveis\application\system\CodeIgniter.php(419): CodeIgniter\CodeIgniter->runController(Object(App\Controllers\Usuarios))
#9 C:\wamp64\www\nbimoveis\application\system\CodeIgniter.php(326): CodeIgniter\CodeIgniter->handleRequest(NULL, Object(Config\Cache), false)
#10 C:\wamp64\www\nbimoveis\index.php(37): CodeIgniter\CodeIgniter->run()
#11 C:\wamp64\www\nbimoveis\application\system\Commands\Server\rewrite.php(43): require_once('C:\\wamp64\\www\\n...')
#12 {main}
CRITICAL - 2022-05-08 17:23:09 --> bootstrap_pager não é um Pager template válido.
#0 C:\wamp64\www\nbimoveis\application\system\Pager\Pager.php(120): CodeIgniter\Pager\Exceptions\PagerException::forInvalidTemplate('bootstrap_pager')
#1 C:\wamp64\www\nbimoveis\application\system\Pager\Pager.php(83): CodeIgniter\Pager\Pager->displayLinks('bootstrap_pager', 'bootstrap_pager')
#2 C:\wamp64\www\nbimoveis\application\app\Views\administracao\usuarios\index.php(75): CodeIgniter\Pager\Pager->links('bootstrap_pager', 'bootstrap_pager')
#3 C:\wamp64\www\nbimoveis\application\system\View\View.php(210): include('C:\\wamp64\\www\\n...')
#4 C:\wamp64\www\nbimoveis\application\system\View\View.php(213): CodeIgniter\View\View->CodeIgniter\View\{closure}()
#5 C:\wamp64\www\nbimoveis\application\system\Common.php(1089): CodeIgniter\View\View->render('administracao/u...', Array, true)
#6 C:\wamp64\www\nbimoveis\application\app\Controllers\Usuarios.php(25): view('administracao/u...', Array)
#7 C:\wamp64\www\nbimoveis\application\system\CodeIgniter.php(832): App\Controllers\Usuarios->index()
#8 C:\wamp64\www\nbimoveis\application\system\CodeIgniter.php(419): CodeIgniter\CodeIgniter->runController(Object(App\Controllers\Usuarios))
#9 C:\wamp64\www\nbimoveis\application\system\CodeIgniter.php(326): CodeIgniter\CodeIgniter->handleRequest(NULL, Object(Config\Cache), false)
#10 C:\wamp64\www\nbimoveis\index.php(37): CodeIgniter\CodeIgniter->run()
#11 C:\wamp64\www\nbimoveis\application\system\Commands\Server\rewrite.php(43): require_once('C:\\wamp64\\www\\n...')
#12 {main}
CRITICAL - 2022-05-08 17:23:35 --> syntax error, unexpected token ";"
#0 C:\wamp64\www\nbimoveis\application\system\Autoloader\Autoloader.php(241): CodeIgniter\Autoloader\Autoloader->includeFile('C:\\wamp64\\www\\n...')
#1 C:\wamp64\www\nbimoveis\application\system\Autoloader\Autoloader.php(219): CodeIgniter\Autoloader\Autoloader->loadInNamespace('Config\\Pager')
#2 [internal function]: CodeIgniter\Autoloader\Autoloader->loadClass('Config\\Pager')
#3 C:\wamp64\www\nbimoveis\application\system\Config\Factories.php(136): class_exists('Config\\Pager')
#4 C:\wamp64\www\nbimoveis\application\system\Config\Factories.php(106): CodeIgniter\Config\Factories::locateClass(Array, 'Pager')
#5 C:\wamp64\www\nbimoveis\application\system\Common.php(198): CodeIgniter\Config\Factories::__callStatic('config', Array)
#6 C:\wamp64\www\nbimoveis\application\system\Config\Services.php(408): config('Pager')
#7 C:\wamp64\www\nbimoveis\application\system\Config\BaseService.php(248): CodeIgniter\Config\Services::pager(NULL, NULL, false)
#8 C:\wamp64\www\nbimoveis\application\system\BaseModel.php(1076): CodeIgniter\Config\BaseService::__callStatic('pager', Array)
#9 C:\wamp64\www\nbimoveis\application\app\Controllers\Usuarios.php(21): CodeIgniter\BaseModel->paginate(5)
#10 C:\wamp64\www\nbimoveis\application\system\CodeIgniter.php(832): App\Controllers\Usuarios->index()
#11 C:\wamp64\www\nbimoveis\application\system\CodeIgniter.php(419): CodeIgniter\CodeIgniter->runController(Object(App\Controllers\Usuarios))
#12 C:\wamp64\www\nbimoveis\application\system\CodeIgniter.php(326): CodeIgniter\CodeIgniter->handleRequest(NULL, Object(Config\Cache), false)
#13 C:\wamp64\www\nbimoveis\index.php(37): CodeIgniter\CodeIgniter->run()
#14 C:\wamp64\www\nbimoveis\application\system\Commands\Server\rewrite.php(43): require_once('C:\\wamp64\\www\\n...')
#15 {main}
CRITICAL - 2022-05-08 17:28:50 --> Undefined variable $pager
#0 C:\wamp64\www\nbimoveis\application\app\Views\administracao\usuarios\index.php(75): CodeIgniter\Debug\Exceptions->errorHandler(2, 'Undefined varia...', 'C:\\wamp64\\www\\n...', 75)
#1 C:\wamp64\www\nbimoveis\application\system\View\View.php(210): include('C:\\wamp64\\www\\n...')
#2 C:\wamp64\www\nbimoveis\application\system\View\View.php(213): CodeIgniter\View\View->CodeIgniter\View\{closure}()
#3 C:\wamp64\www\nbimoveis\application\system\Common.php(1089): CodeIgniter\View\View->render('administracao/u...', Array, true)
#4 C:\wamp64\www\nbimoveis\application\app\Controllers\Usuarios.php(24): view('administracao/u...', Array)
#5 C:\wamp64\www\nbimoveis\application\system\CodeIgniter.php(832): App\Controllers\Usuarios->index()
#6 C:\wamp64\www\nbimoveis\application\system\CodeIgniter.php(419): CodeIgniter\CodeIgniter->runController(Object(App\Controllers\Usuarios))
#7 C:\wamp64\www\nbimoveis\application\system\CodeIgniter.php(326): CodeIgniter\CodeIgniter->handleRequest(NULL, Object(Config\Cache), false)
#8 C:\wamp64\www\nbimoveis\index.php(37): CodeIgniter\CodeIgniter->run()
#9 C:\wamp64\www\nbimoveis\application\system\Commands\Server\rewrite.php(43): require_once('C:\\wamp64\\www\\n...')
#10 {main}
CRITICAL - 2022-05-08 17:28:59 --> Undefined variable $pager
#0 C:\wamp64\www\nbimoveis\application\app\Controllers\Usuarios.php(21): CodeIgniter\Debug\Exceptions->errorHandler(2, 'Undefined varia...', 'C:\\wamp64\\www\\n...', 21)
#1 C:\wamp64\www\nbimoveis\application\system\CodeIgniter.php(832): App\Controllers\Usuarios->index()
#2 C:\wamp64\www\nbimoveis\application\system\CodeIgniter.php(419): CodeIgniter\CodeIgniter->runController(Object(App\Controllers\Usuarios))
#3 C:\wamp64\www\nbimoveis\application\system\CodeIgniter.php(326): CodeIgniter\CodeIgniter->handleRequest(NULL, Object(Config\Cache), false)
#4 C:\wamp64\www\nbimoveis\index.php(37): CodeIgniter\CodeIgniter->run()
#5 C:\wamp64\www\nbimoveis\application\system\Commands\Server\rewrite.php(43): require_once('C:\\wamp64\\www\\n...')
#6 {main}
CRITICAL - 2022-05-08 17:34:34 --> Call to a member function links() on null
#0 C:\wamp64\www\nbimoveis\application\system\View\View.php(210): include()
#1 C:\wamp64\www\nbimoveis\application\system\View\View.php(213): CodeIgniter\View\View->CodeIgniter\View\{closure}()
#2 C:\wamp64\www\nbimoveis\application\system\Common.php(1089): CodeIgniter\View\View->render('administracao/u...', Array, true)
#3 C:\wamp64\www\nbimoveis\application\app\Controllers\Usuarios.php(24): view('administracao/u...', Array)
#4 C:\wamp64\www\nbimoveis\application\system\CodeIgniter.php(832): App\Controllers\Usuarios->index()
#5 C:\wamp64\www\nbimoveis\application\system\CodeIgniter.php(419): CodeIgniter\CodeIgniter->runController(Object(App\Controllers\Usuarios))
#6 C:\wamp64\www\nbimoveis\application\system\CodeIgniter.php(326): CodeIgniter\CodeIgniter->handleRequest(NULL, Object(Config\Cache), false)
#7 C:\wamp64\www\nbimoveis\index.php(37): CodeIgniter\CodeIgniter->run()
#8 C:\wamp64\www\nbimoveis\application\system\Commands\Server\rewrite.php(43): require_once('C:\\wamp64\\www\\n...')
#9 {main}
CRITICAL - 2022-05-08 17:35:08 --> Undefined variable $UserModel
#0 C:\wamp64\www\nbimoveis\application\app\Views\administracao\usuarios\index.php(43): CodeIgniter\Debug\Exceptions->errorHandler(2, 'Undefined varia...', 'C:\\wamp64\\www\\n...', 43)
#1 C:\wamp64\www\nbimoveis\application\system\View\View.php(210): include('C:\\wamp64\\www\\n...')
#2 C:\wamp64\www\nbimoveis\application\system\View\View.php(213): CodeIgniter\View\View->CodeIgniter\View\{closure}()
#3 C:\wamp64\www\nbimoveis\application\system\Common.php(1089): CodeIgniter\View\View->render('administracao/u...', Array, true)
#4 C:\wamp64\www\nbimoveis\application\app\Controllers\Usuarios.php(24): view('administracao/u...', Array)
#5 C:\wamp64\www\nbimoveis\application\system\CodeIgniter.php(832): App\Controllers\Usuarios->index()
#6 C:\wamp64\www\nbimoveis\application\system\CodeIgniter.php(419): CodeIgniter\CodeIgniter->runController(Object(App\Controllers\Usuarios))
#7 C:\wamp64\www\nbimoveis\application\system\CodeIgniter.php(326): CodeIgniter\CodeIgniter->handleRequest(NULL, Object(Config\Cache), false)
#8 C:\wamp64\www\nbimoveis\index.php(37): CodeIgniter\CodeIgniter->run()
#9 C:\wamp64\www\nbimoveis\application\system\Commands\Server\rewrite.php(43): require_once('C:\\wamp64\\www\\n...')
#10 {main}
CRITICAL - 2022-05-08 17:37:08 --> Undefined variable $UserModel
#0 C:\wamp64\www\nbimoveis\application\app\Views\administracao\usuarios\index.php(43): CodeIgniter\Debug\Exceptions->errorHandler(2, 'Undefined varia...', 'C:\\wamp64\\www\\n...', 43)
#1 C:\wamp64\www\nbimoveis\application\system\View\View.php(210): include('C:\\wamp64\\www\\n...')
#2 C:\wamp64\www\nbimoveis\application\system\View\View.php(213): CodeIgniter\View\View->CodeIgniter\View\{closure}()
#3 C:\wamp64\www\nbimoveis\application\system\Common.php(1089): CodeIgniter\View\View->render('administracao/u...', Array, true)
#4 C:\wamp64\www\nbimoveis\application\app\Controllers\Usuarios.php(24): view('administracao/u...', Array)
#5 C:\wamp64\www\nbimoveis\application\system\CodeIgniter.php(832): App\Controllers\Usuarios->index()
#6 C:\wamp64\www\nbimoveis\application\system\CodeIgniter.php(419): CodeIgniter\CodeIgniter->runController(Object(App\Controllers\Usuarios))
#7 C:\wamp64\www\nbimoveis\application\system\CodeIgniter.php(326): CodeIgniter\CodeIgniter->handleRequest(NULL, Object(Config\Cache), false)
#8 C:\wamp64\www\nbimoveis\index.php(37): CodeIgniter\CodeIgniter->run()
#9 C:\wamp64\www\nbimoveis\application\system\Commands\Server\rewrite.php(43): require_once('C:\\wamp64\\www\\n...')
#10 {main}
CRITICAL - 2022-05-08 17:37:43 --> Undefined variable $UserModel
#0 C:\wamp64\www\nbimoveis\application\app\Views\administracao\usuarios\index.php(43): CodeIgniter\Debug\Exceptions->errorHandler(2, 'Undefined varia...', 'C:\\wamp64\\www\\n...', 43)
#1 C:\wamp64\www\nbimoveis\application\system\View\View.php(210): include('C:\\wamp64\\www\\n...')
#2 C:\wamp64\www\nbimoveis\application\system\View\View.php(213): CodeIgniter\View\View->CodeIgniter\View\{closure}()
#3 C:\wamp64\www\nbimoveis\application\system\Common.php(1089): CodeIgniter\View\View->render('administracao/u...', Array, true)
#4 C:\wamp64\www\nbimoveis\application\app\Controllers\Usuarios.php(24): view('administracao/u...', Array)
#5 C:\wamp64\www\nbimoveis\application\system\CodeIgniter.php(832): App\Controllers\Usuarios->index()
#6 C:\wamp64\www\nbimoveis\application\system\CodeIgniter.php(419): CodeIgniter\CodeIgniter->runController(Object(App\Controllers\Usuarios))
#7 C:\wamp64\www\nbimoveis\application\system\CodeIgniter.php(326): CodeIgniter\CodeIgniter->handleRequest(NULL, Object(Config\Cache), false)
#8 C:\wamp64\www\nbimoveis\index.php(37): CodeIgniter\CodeIgniter->run()
#9 C:\wamp64\www\nbimoveis\application\system\Commands\Server\rewrite.php(43): require_once('C:\\wamp64\\www\\n...')
#10 {main}
CRITICAL - 2022-05-08 17:37:44 --> Undefined variable $UserModel
#0 C:\wamp64\www\nbimoveis\application\app\Views\administracao\usuarios\index.php(43): CodeIgniter\Debug\Exceptions->errorHandler(2, 'Undefined varia...', 'C:\\wamp64\\www\\n...', 43)
#1 C:\wamp64\www\nbimoveis\application\system\View\View.php(210): include('C:\\wamp64\\www\\n...')
#2 C:\wamp64\www\nbimoveis\application\system\View\View.php(213): CodeIgniter\View\View->CodeIgniter\View\{closure}()
#3 C:\wamp64\www\nbimoveis\application\system\Common.php(1089): CodeIgniter\View\View->render('administracao/u...', Array, true)
#4 C:\wamp64\www\nbimoveis\application\app\Controllers\Usuarios.php(24): view('administracao/u...', Array)
#5 C:\wamp64\www\nbimoveis\application\system\CodeIgniter.php(832): App\Controllers\Usuarios->index()
#6 C:\wamp64\www\nbimoveis\application\system\CodeIgniter.php(419): CodeIgniter\CodeIgniter->runController(Object(App\Controllers\Usuarios))
#7 C:\wamp64\www\nbimoveis\application\system\CodeIgniter.php(326): CodeIgniter\CodeIgniter->handleRequest(NULL, Object(Config\Cache), false)
#8 C:\wamp64\www\nbimoveis\index.php(37): CodeIgniter\CodeIgniter->run()
#9 C:\wamp64\www\nbimoveis\application\system\Commands\Server\rewrite.php(43): require_once('C:\\wamp64\\www\\n...')
#10 {main}
CRITICAL - 2022-05-08 17:38:14 --> Arquivo inválido: administracao/usuarios/index/.php
#0 C:\wamp64\www\nbimoveis\application\system\View\View.php(198): CodeIgniter\Exceptions\FrameworkException::forInvalidFile('administracao/u...')
#1 C:\wamp64\www\nbimoveis\application\system\Common.php(1089): CodeIgniter\View\View->render('administracao/u...', Array, true)
#2 C:\wamp64\www\nbimoveis\application\app\Controllers\Usuarios.php(24): view('administracao/u...', Array)
#3 C:\wamp64\www\nbimoveis\application\system\CodeIgniter.php(832): App\Controllers\Usuarios->index()
#4 C:\wamp64\www\nbimoveis\application\system\CodeIgniter.php(419): CodeIgniter\CodeIgniter->runController(Object(App\Controllers\Usuarios))
#5 C:\wamp64\www\nbimoveis\application\system\CodeIgniter.php(326): CodeIgniter\CodeIgniter->handleRequest(NULL, Object(Config\Cache), false)
#6 C:\wamp64\www\nbimoveis\index.php(37): CodeIgniter\CodeIgniter->run()
#7 C:\wamp64\www\nbimoveis\application\system\Commands\Server\rewrite.php(43): require_once('C:\\wamp64\\www\\n...')
#8 {main}
CRITICAL - 2022-05-08 17:38:14 --> Arquivo inválido: administracao/usuarios/index/.php
#0 C:\wamp64\www\nbimoveis\application\system\View\View.php(198): CodeIgniter\Exceptions\FrameworkException::forInvalidFile('administracao/u...')
#1 C:\wamp64\www\nbimoveis\application\system\Common.php(1089): CodeIgniter\View\View->render('administracao/u...', Array, true)
#2 C:\wamp64\www\nbimoveis\application\app\Controllers\Usuarios.php(24): view('administracao/u...', Array)
#3 C:\wamp64\www\nbimoveis\application\system\CodeIgniter.php(832): App\Controllers\Usuarios->index()
#4 C:\wamp64\www\nbimoveis\application\system\CodeIgniter.php(419): CodeIgniter\CodeIgniter->runController(Object(App\Controllers\Usuarios))
#5 C:\wamp64\www\nbimoveis\application\system\CodeIgniter.php(326): CodeIgniter\CodeIgniter->handleRequest(NULL, Object(Config\Cache), false)
#6 C:\wamp64\www\nbimoveis\index.php(37): CodeIgniter\CodeIgniter->run()
#7 C:\wamp64\www\nbimoveis\application\system\Commands\Server\rewrite.php(43): require_once('C:\\wamp64\\www\\n...')
#8 {main}
CRITICAL - 2022-05-08 17:38:21 --> Arquivo inválido: administracao/usuarios/index/.php
#0 C:\wamp64\www\nbimoveis\application\system\View\View.php(198): CodeIgniter\Exceptions\FrameworkException::forInvalidFile('administracao/u...')
#1 C:\wamp64\www\nbimoveis\application\system\Common.php(1089): CodeIgniter\View\View->render('administracao/u...', Array, true)
#2 C:\wamp64\www\nbimoveis\application\app\Controllers\Usuarios.php(24): view('administracao/u...', Array)
#3 C:\wamp64\www\nbimoveis\application\system\CodeIgniter.php(832): App\Controllers\Usuarios->index()
#4 C:\wamp64\www\nbimoveis\application\system\CodeIgniter.php(419): CodeIgniter\CodeIgniter->runController(Object(App\Controllers\Usuarios))
#5 C:\wamp64\www\nbimoveis\application\system\CodeIgniter.php(326): CodeIgniter\CodeIgniter->handleRequest(NULL, Object(Config\Cache), false)
#6 C:\wamp64\www\nbimoveis\index.php(37): CodeIgniter\CodeIgniter->run()
#7 C:\wamp64\www\nbimoveis\application\system\Commands\Server\rewrite.php(43): require_once('C:\\wamp64\\www\\n...')
#8 {main}
