CRITICAL - 2022-04-03 21:21:52 --> Invalid file: administracao/dashboard.php
#0 C:\wamp64\www\nbimoveis\application\system\View\View.php(198): CodeIgniter\Exceptions\FrameworkException::forInvalidFile('administracao/d...')
#1 C:\wamp64\www\nbimoveis\application\system\Common.php(1089): CodeIgniter\View\View->render('administracao/d...', Array, true)
#2 C:\wamp64\www\nbimoveis\application\app\Controllers\Dashboard.php(17): view('administracao/d...')
#3 C:\wamp64\www\nbimoveis\application\system\CodeIgniter.php(832): App\Controllers\Dashboard->index()
#4 C:\wamp64\www\nbimoveis\application\system\CodeIgniter.php(419): CodeIgniter\CodeIgniter->runController(Object(App\Controllers\Dashboard))
#5 C:\wamp64\www\nbimoveis\application\system\CodeIgniter.php(326): CodeIgniter\CodeIgniter->handleRequest(NULL, Object(Config\Cache), false)
#6 C:\wamp64\www\nbimoveis\index.php(37): CodeIgniter\CodeIgniter->run()
#7 C:\wamp64\www\nbimoveis\application\system\Commands\Server\rewrite.php(43): require_once('C:\\wamp64\\www\\n...')
#8 {main}
CRITICAL - 2022-04-03 21:22:27 --> Invalid file: dashboard.php
#0 C:\wamp64\www\nbimoveis\application\system\View\View.php(198): CodeIgniter\Exceptions\FrameworkException::forInvalidFile('dashboard.php')
#1 C:\wamp64\www\nbimoveis\application\system\Common.php(1089): CodeIgniter\View\View->render('dashboard', Array, true)
#2 C:\wamp64\www\nbimoveis\application\app\Controllers\Dashboard.php(17): view('dashboard')
#3 C:\wamp64\www\nbimoveis\application\system\CodeIgniter.php(832): App\Controllers\Dashboard->index()
#4 C:\wamp64\www\nbimoveis\application\system\CodeIgniter.php(419): CodeIgniter\CodeIgniter->runController(Object(App\Controllers\Dashboard))
#5 C:\wamp64\www\nbimoveis\application\system\CodeIgniter.php(326): CodeIgniter\CodeIgniter->handleRequest(NULL, Object(Config\Cache), false)
#6 C:\wamp64\www\nbimoveis\index.php(37): CodeIgniter\CodeIgniter->run()
#7 C:\wamp64\www\nbimoveis\application\system\Commands\Server\rewrite.php(43): require_once('C:\\wamp64\\www\\n...')
#8 {main}
CRITICAL - 2022-04-03 21:28:21 --> require(C:\wamp64\www\nbimoveis\application\app\Views\administracao\template\navbar2.php): Failed to open stream: No such file or directory
#0 C:\wamp64\www\nbimoveis\application\app\Views\administracao\dashboard\index.php(115): CodeIgniter\Debug\Exceptions->errorHandler(2, 'require(C:\\wamp...', 'C:\\wamp64\\www\\n...', 115)
#1 C:\wamp64\www\nbimoveis\application\app\Views\administracao\dashboard\index.php(115): require()
#2 C:\wamp64\www\nbimoveis\application\system\View\View.php(210): include('C:\\wamp64\\www\\n...')
#3 C:\wamp64\www\nbimoveis\application\system\View\View.php(213): CodeIgniter\View\View->CodeIgniter\View\{closure}()
#4 C:\wamp64\www\nbimoveis\application\system\Common.php(1089): CodeIgniter\View\View->render('administracao/d...', Array, true)
#5 C:\wamp64\www\nbimoveis\application\app\Controllers\Dashboard.php(17): view('administracao/d...')
#6 C:\wamp64\www\nbimoveis\application\system\CodeIgniter.php(832): App\Controllers\Dashboard->index()
#7 C:\wamp64\www\nbimoveis\application\system\CodeIgniter.php(419): CodeIgniter\CodeIgniter->runController(Object(App\Controllers\Dashboard))
#8 C:\wamp64\www\nbimoveis\application\system\CodeIgniter.php(326): CodeIgniter\CodeIgniter->handleRequest(NULL, Object(Config\Cache), false)
#9 C:\wamp64\www\nbimoveis\index.php(37): CodeIgniter\CodeIgniter->run()
#10 C:\wamp64\www\nbimoveis\application\system\Commands\Server\rewrite.php(43): require_once('C:\\wamp64\\www\\n...')
#11 {main}
CRITICAL - 2022-04-03 21:29:00 --> require(C:\wamp64\www\nbimoveis\application\app\Views\template\navbar2.php): Failed to open stream: No such file or directory
#0 C:\wamp64\www\nbimoveis\application\app\Views\administracao\dashboard\index.php(115): CodeIgniter\Debug\Exceptions->errorHandler(2, 'require(C:\\wamp...', 'C:\\wamp64\\www\\n...', 115)
#1 C:\wamp64\www\nbimoveis\application\app\Views\administracao\dashboard\index.php(115): require()
#2 C:\wamp64\www\nbimoveis\application\system\View\View.php(210): include('C:\\wamp64\\www\\n...')
#3 C:\wamp64\www\nbimoveis\application\system\View\View.php(213): CodeIgniter\View\View->CodeIgniter\View\{closure}()
#4 C:\wamp64\www\nbimoveis\application\system\Common.php(1089): CodeIgniter\View\View->render('administracao/d...', Array, true)
#5 C:\wamp64\www\nbimoveis\application\app\Controllers\Dashboard.php(17): view('administracao/d...')
#6 C:\wamp64\www\nbimoveis\application\system\CodeIgniter.php(832): App\Controllers\Dashboard->index()
#7 C:\wamp64\www\nbimoveis\application\system\CodeIgniter.php(419): CodeIgniter\CodeIgniter->runController(Object(App\Controllers\Dashboard))
#8 C:\wamp64\www\nbimoveis\application\system\CodeIgniter.php(326): CodeIgniter\CodeIgniter->handleRequest(NULL, Object(Config\Cache), false)
#9 C:\wamp64\www\nbimoveis\index.php(37): CodeIgniter\CodeIgniter->run()
#10 C:\wamp64\www\nbimoveis\application\system\Commands\Server\rewrite.php(43): require_once('C:\\wamp64\\www\\n...')
#11 {main}
CRITICAL - 2022-04-03 21:29:26 --> require(C:\wamp64\www\nbimoveis\application\app\Views\administracao\template\navbar2.php): Failed to open stream: No such file or directory
#0 C:\wamp64\www\nbimoveis\application\app\Views\administracao\dashboard\index.php(115): CodeIgniter\Debug\Exceptions->errorHandler(2, 'require(C:\\wamp...', 'C:\\wamp64\\www\\n...', 115)
#1 C:\wamp64\www\nbimoveis\application\app\Views\administracao\dashboard\index.php(115): require()
#2 C:\wamp64\www\nbimoveis\application\system\View\View.php(210): include('C:\\wamp64\\www\\n...')
#3 C:\wamp64\www\nbimoveis\application\system\View\View.php(213): CodeIgniter\View\View->CodeIgniter\View\{closure}()
#4 C:\wamp64\www\nbimoveis\application\system\Common.php(1089): CodeIgniter\View\View->render('administracao/d...', Array, true)
#5 C:\wamp64\www\nbimoveis\application\app\Controllers\Dashboard.php(17): view('administracao/d...')
#6 C:\wamp64\www\nbimoveis\application\system\CodeIgniter.php(832): App\Controllers\Dashboard->index()
#7 C:\wamp64\www\nbimoveis\application\system\CodeIgniter.php(419): CodeIgniter\CodeIgniter->runController(Object(App\Controllers\Dashboard))
#8 C:\wamp64\www\nbimoveis\application\system\CodeIgniter.php(326): CodeIgniter\CodeIgniter->handleRequest(NULL, Object(Config\Cache), false)
#9 C:\wamp64\www\nbimoveis\index.php(37): CodeIgniter\CodeIgniter->run()
#10 C:\wamp64\www\nbimoveis\application\system\Commands\Server\rewrite.php(43): require_once('C:\\wamp64\\www\\n...')
#11 {main}
CRITICAL - 2022-04-03 21:29:38 --> require(C:\wamp64\www\nbimoveis\application\app\Views\administracao\template\sidebar.php): Failed to open stream: No such file or directory
#0 C:\wamp64\www\nbimoveis\application\app\Views\administracao\dashboard\index.php(119): CodeIgniter\Debug\Exceptions->errorHandler(2, 'require(C:\\wamp...', 'C:\\wamp64\\www\\n...', 119)
#1 C:\wamp64\www\nbimoveis\application\app\Views\administracao\dashboard\index.php(119): require()
#2 C:\wamp64\www\nbimoveis\application\system\View\View.php(210): include('C:\\wamp64\\www\\n...')
#3 C:\wamp64\www\nbimoveis\application\system\View\View.php(213): CodeIgniter\View\View->CodeIgniter\View\{closure}()
#4 C:\wamp64\www\nbimoveis\application\system\Common.php(1089): CodeIgniter\View\View->render('administracao/d...', Array, true)
#5 C:\wamp64\www\nbimoveis\application\app\Controllers\Dashboard.php(17): view('administracao/d...')
#6 C:\wamp64\www\nbimoveis\application\system\CodeIgniter.php(832): App\Controllers\Dashboard->index()
#7 C:\wamp64\www\nbimoveis\application\system\CodeIgniter.php(419): CodeIgniter\CodeIgniter->runController(Object(App\Controllers\Dashboard))
#8 C:\wamp64\www\nbimoveis\application\system\CodeIgniter.php(326): CodeIgniter\CodeIgniter->handleRequest(NULL, Object(Config\Cache), false)
#9 C:\wamp64\www\nbimoveis\index.php(37): CodeIgniter\CodeIgniter->run()
#10 C:\wamp64\www\nbimoveis\application\system\Commands\Server\rewrite.php(43): require_once('C:\\wamp64\\www\\n...')
#11 {main}
CRITICAL - 2022-04-03 21:30:20 --> require(C:\wamp64\www\nbimoveis\application\app\template\navbar2.php): Failed to open stream: No such file or directory
#0 C:\wamp64\www\nbimoveis\application\app\Views\administracao\dashboard\index.php(115): CodeIgniter\Debug\Exceptions->errorHandler(2, 'require(C:\\wamp...', 'C:\\wamp64\\www\\n...', 115)
#1 C:\wamp64\www\nbimoveis\application\app\Views\administracao\dashboard\index.php(115): require()
#2 C:\wamp64\www\nbimoveis\application\system\View\View.php(210): include('C:\\wamp64\\www\\n...')
#3 C:\wamp64\www\nbimoveis\application\system\View\View.php(213): CodeIgniter\View\View->CodeIgniter\View\{closure}()
#4 C:\wamp64\www\nbimoveis\application\system\Common.php(1089): CodeIgniter\View\View->render('administracao/d...', Array, true)
#5 C:\wamp64\www\nbimoveis\application\app\Controllers\Dashboard.php(17): view('administracao/d...')
#6 C:\wamp64\www\nbimoveis\application\system\CodeIgniter.php(832): App\Controllers\Dashboard->index()
#7 C:\wamp64\www\nbimoveis\application\system\CodeIgniter.php(419): CodeIgniter\CodeIgniter->runController(Object(App\Controllers\Dashboard))
#8 C:\wamp64\www\nbimoveis\application\system\CodeIgniter.php(326): CodeIgniter\CodeIgniter->handleRequest(NULL, Object(Config\Cache), false)
#9 C:\wamp64\www\nbimoveis\index.php(37): CodeIgniter\CodeIgniter->run()
#10 C:\wamp64\www\nbimoveis\application\system\Commands\Server\rewrite.php(43): require_once('C:\\wamp64\\www\\n...')
#11 {main}
CRITICAL - 2022-04-03 21:30:53 --> require(C:\wamp64\www\nbimoveis\application\app\Views\administracao\template\navbar2.php): Failed to open stream: No such file or directory
#0 C:\wamp64\www\nbimoveis\application\app\Views\administracao\dashboard\index.php(115): CodeIgniter\Debug\Exceptions->errorHandler(2, 'require(C:\\wamp...', 'C:\\wamp64\\www\\n...', 115)
#1 C:\wamp64\www\nbimoveis\application\app\Views\administracao\dashboard\index.php(115): require()
#2 C:\wamp64\www\nbimoveis\application\system\View\View.php(210): include('C:\\wamp64\\www\\n...')
#3 C:\wamp64\www\nbimoveis\application\system\View\View.php(213): CodeIgniter\View\View->CodeIgniter\View\{closure}()
#4 C:\wamp64\www\nbimoveis\application\system\Common.php(1089): CodeIgniter\View\View->render('administracao/d...', Array, true)
#5 C:\wamp64\www\nbimoveis\application\app\Controllers\Dashboard.php(17): view('administracao/d...')
#6 C:\wamp64\www\nbimoveis\application\system\CodeIgniter.php(832): App\Controllers\Dashboard->index()
#7 C:\wamp64\www\nbimoveis\application\system\CodeIgniter.php(419): CodeIgniter\CodeIgniter->runController(Object(App\Controllers\Dashboard))
#8 C:\wamp64\www\nbimoveis\application\system\CodeIgniter.php(326): CodeIgniter\CodeIgniter->handleRequest(NULL, Object(Config\Cache), false)
#9 C:\wamp64\www\nbimoveis\index.php(37): CodeIgniter\CodeIgniter->run()
#10 C:\wamp64\www\nbimoveis\application\system\Commands\Server\rewrite.php(43): require_once('C:\\wamp64\\www\\n...')
#11 {main}
CRITICAL - 2022-04-03 21:34:51 --> require(C:\wamp64\www\nbimoveis\application\app\Views\administracao\template\navbar2.php): Failed to open stream: No such file or directory
#0 C:\wamp64\www\nbimoveis\application\app\Views\administracao\dashboard\index.php(115): CodeIgniter\Debug\Exceptions->errorHandler(2, 'require(C:\\wamp...', 'C:\\wamp64\\www\\n...', 115)
#1 C:\wamp64\www\nbimoveis\application\app\Views\administracao\dashboard\index.php(115): require()
#2 C:\wamp64\www\nbimoveis\application\system\View\View.php(210): include('C:\\wamp64\\www\\n...')
#3 C:\wamp64\www\nbimoveis\application\system\View\View.php(213): CodeIgniter\View\View->CodeIgniter\View\{closure}()
#4 C:\wamp64\www\nbimoveis\application\system\Common.php(1089): CodeIgniter\View\View->render('administracao/d...', Array, true)
#5 C:\wamp64\www\nbimoveis\application\app\Controllers\Dashboard.php(17): view('administracao/d...')
#6 C:\wamp64\www\nbimoveis\application\system\CodeIgniter.php(832): App\Controllers\Dashboard->index()
#7 C:\wamp64\www\nbimoveis\application\system\CodeIgniter.php(419): CodeIgniter\CodeIgniter->runController(Object(App\Controllers\Dashboard))
#8 C:\wamp64\www\nbimoveis\application\system\CodeIgniter.php(326): CodeIgniter\CodeIgniter->handleRequest(NULL, Object(Config\Cache), false)
#9 C:\wamp64\www\nbimoveis\index.php(37): CodeIgniter\CodeIgniter->run()
#10 C:\wamp64\www\nbimoveis\application\system\Commands\Server\rewrite.php(43): require_once('C:\\wamp64\\www\\n...')
#11 {main}
CRITICAL - 2022-04-03 21:34:53 --> require(C:\wamp64\www\nbimoveis\application\app\Views\administracao\template\navbar2.php): Failed to open stream: No such file or directory
#0 C:\wamp64\www\nbimoveis\application\app\Views\administracao\dashboard\index.php(115): CodeIgniter\Debug\Exceptions->errorHandler(2, 'require(C:\\wamp...', 'C:\\wamp64\\www\\n...', 115)
#1 C:\wamp64\www\nbimoveis\application\app\Views\administracao\dashboard\index.php(115): require()
#2 C:\wamp64\www\nbimoveis\application\system\View\View.php(210): include('C:\\wamp64\\www\\n...')
#3 C:\wamp64\www\nbimoveis\application\system\View\View.php(213): CodeIgniter\View\View->CodeIgniter\View\{closure}()
#4 C:\wamp64\www\nbimoveis\application\system\Common.php(1089): CodeIgniter\View\View->render('administracao/d...', Array, true)
#5 C:\wamp64\www\nbimoveis\application\app\Controllers\Dashboard.php(17): view('administracao/d...')
#6 C:\wamp64\www\nbimoveis\application\system\CodeIgniter.php(832): App\Controllers\Dashboard->index()
#7 C:\wamp64\www\nbimoveis\application\system\CodeIgniter.php(419): CodeIgniter\CodeIgniter->runController(Object(App\Controllers\Dashboard))
#8 C:\wamp64\www\nbimoveis\application\system\CodeIgniter.php(326): CodeIgniter\CodeIgniter->handleRequest(NULL, Object(Config\Cache), false)
#9 C:\wamp64\www\nbimoveis\index.php(37): CodeIgniter\CodeIgniter->run()
#10 C:\wamp64\www\nbimoveis\application\system\Commands\Server\rewrite.php(43): require_once('C:\\wamp64\\www\\n...')
#11 {main}
CRITICAL - 2022-04-03 21:35:05 --> require(C:\wamp64\www\nbimoveis\application\app\Views\administracao\template\sidebar.php): Failed to open stream: No such file or directory
#0 C:\wamp64\www\nbimoveis\application\app\Views\administracao\dashboard\index.php(119): CodeIgniter\Debug\Exceptions->errorHandler(2, 'require(C:\\wamp...', 'C:\\wamp64\\www\\n...', 119)
#1 C:\wamp64\www\nbimoveis\application\app\Views\administracao\dashboard\index.php(119): require()
#2 C:\wamp64\www\nbimoveis\application\system\View\View.php(210): include('C:\\wamp64\\www\\n...')
#3 C:\wamp64\www\nbimoveis\application\system\View\View.php(213): CodeIgniter\View\View->CodeIgniter\View\{closure}()
#4 C:\wamp64\www\nbimoveis\application\system\Common.php(1089): CodeIgniter\View\View->render('administracao/d...', Array, true)
#5 C:\wamp64\www\nbimoveis\application\app\Controllers\Dashboard.php(17): view('administracao/d...')
#6 C:\wamp64\www\nbimoveis\application\system\CodeIgniter.php(832): App\Controllers\Dashboard->index()
#7 C:\wamp64\www\nbimoveis\application\system\CodeIgniter.php(419): CodeIgniter\CodeIgniter->runController(Object(App\Controllers\Dashboard))
#8 C:\wamp64\www\nbimoveis\application\system\CodeIgniter.php(326): CodeIgniter\CodeIgniter->handleRequest(NULL, Object(Config\Cache), false)
#9 C:\wamp64\www\nbimoveis\index.php(37): CodeIgniter\CodeIgniter->run()
#10 C:\wamp64\www\nbimoveis\application\system\Commands\Server\rewrite.php(43): require_once('C:\\wamp64\\www\\n...')
#11 {main}
CRITICAL - 2022-04-03 21:36:24 --> Invalid file: administracao/dashboard.php
#0 C:\wamp64\www\nbimoveis\application\system\View\View.php(198): CodeIgniter\Exceptions\FrameworkException::forInvalidFile('administracao/d...')
#1 C:\wamp64\www\nbimoveis\application\system\Common.php(1089): CodeIgniter\View\View->render('administracao/d...', Array, true)
#2 C:\wamp64\www\nbimoveis\application\app\Controllers\Dashboard.php(17): view('administracao/d...')
#3 C:\wamp64\www\nbimoveis\application\system\CodeIgniter.php(832): App\Controllers\Dashboard->index()
#4 C:\wamp64\www\nbimoveis\application\system\CodeIgniter.php(419): CodeIgniter\CodeIgniter->runController(Object(App\Controllers\Dashboard))
#5 C:\wamp64\www\nbimoveis\application\system\CodeIgniter.php(326): CodeIgniter\CodeIgniter->handleRequest(NULL, Object(Config\Cache), false)
#6 C:\wamp64\www\nbimoveis\index.php(37): CodeIgniter\CodeIgniter->run()
#7 C:\wamp64\www\nbimoveis\application\system\Commands\Server\rewrite.php(43): require_once('C:\\wamp64\\www\\n...')
#8 {main}
